Pinging flipkart.com
url: https://www.flipkart.com/
latency: 0.08528256416320801
status_code: 200
error: None
timestamp: 2024-05-13 10:21:22
Pinging shopify.in
url: https://www.shopify.in
latency: 0.10814404487609863
status_code: 200
error: None
timestamp: 2024-05-13 10:21:27
Pinging flipkart.com
url: https://www.flipkart.com/
latency: 0.10767769813537598
status_code: 200
error: None
timestamp: 2024-05-13 10:22:07
Pinging shopify.in
url: https://www.shopify.in
latency: 0.14180588722229004
status_code: 200
error: None
timestamp: 2024-05-13 10:22:17
Pinging flipkart.com
url: https://www.flipkart.com/
latency: 0.14362168312072754
status_code: 200
error: None
timestamp: 2024-05-13 10:22:52
Pinging shopify.in
url: https://www.shopify.in
latency: 0.20570850372314453
status_code: 200
error: None
timestamp: 2024-05-13 10:23:07
Pinging flipkart.com
url: https://www.flipkart.com/
latency: 0.11411213874816895
status_code: 200
error: None
timestamp: 2024-05-13 10:23:37
Pinging shopify.in
url: https://www.shopify.in
latency: 0.17980742454528809
status_code: 200
error: None
timestamp: 2024-05-13 10:23:57
Pinging flipkart.com
url: https://www.flipkart.com/
latency: 0.15810942649841309
status_code: 200
error: None
timestamp: 2024-05-13 10:24:22
Pinging shopify.in
url: https://www.shopify.in
latency: 0.14061546325683594
status_code: 200
error: None
timestamp: 2024-05-13 10:24:47
Pinging bbdu.ac.in
url: https://bbdu.ac.in
latency: 0.1260511875152588
status_code: 200
error: None
timestamp: 2024-05-13 10:25:02
Pinging flipkart.com
url: https://www.flipkart.com/
latency: 0.1110239028930664
status_code: 200
error: None
timestamp: 2024-05-13 10:25:07
Pinging bbdu.ac.in
url: https://bbdu.ac.in
latency: 0.3763418197631836
status_code: 200
error: None
timestamp: 2024-05-13 10:25:12
Pinging bbdu.ac.in
url: https://bbdu.ac.in
latency: 0.10930871963500977
status_code: 200
error: None
timestamp: 2024-05-13 10:25:22
Pinging bbdu.ac.in
url: https://bbdu.ac.in
latency: 0.1338975429534912
status_code: 200
error: None
timestamp: 2024-05-13 10:25:32
Pinging shopify.in
url: https://www.shopify.in
latency: 0.22352027893066406
status_code: 200
error: None
timestamp: 2024-05-13 10:25:37
Pinging bbdu.ac.in
url: https://bbdu.ac.in
latency: 0.16207313537597656
status_code: 200
error: None
timestamp: 2024-05-13 10:25:42
Pinging flipkart.com
url: https://www.flipkart.com/
latency: 0.08135628700256348
status_code: 200
error: None
timestamp: 2024-05-13 10:25:52
Pinging bbdu.ac.in
url: https://bbdu.ac.in
latency: 0.1608295440673828
status_code: 200
error: None
timestamp: 2024-05-13 10:25:54
Pinging bbdu.ac.in
url: https://bbdu.ac.in
latency: 0.21917939186096191
status_code: 200
error: None
timestamp: 2024-05-13 10:26:02
Pinging bbdu.ac.in
url: https://bbdu.ac.in
latency: 0.14852023124694824
status_code: 200
error: None
timestamp: 2024-05-13 10:26:12
Pinging bbdu.ac.in
url: https://bbdu.ac.in
latency: 0.1566624641418457
status_code: 200
error: None
timestamp: 2024-05-13 10:26:22
Pinging shopify.in
url: https://www.shopify.in
latency: 0.18030977249145508
status_code: 200
error: None
timestamp: 2024-05-13 10:26:27
Pinging bbdu.ac.in
url: https://bbdu.ac.in
latency: 0.21728038787841797
status_code: 200
error: None
timestamp: 2024-05-13 10:26:32
Pinging flipkart.com
url: https://www.flipkart.com/
latency: 0.11544156074523926
status_code: 200
error: None
timestamp: 2024-05-13 10:26:37
Pinging bbdu.ac.in
url: https://bbdu.ac.in
latency: 0.14198589324951172
status_code: 200
error: None
timestamp: 2024-05-13 10:26:42
Pinging bbdu.ac.in
url: https://bbdu.ac.in
latency: 0.17064738273620605
status_code: 200
error: None
timestamp: 2024-05-13 10:26:52
Pinging bbdu.ac.in
url: https://bbdu.ac.in
latency: 0.1994950771331787
status_code: 200
error: None
timestamp: 2024-05-13 10:27:02
Pinging bbdu.ac.in
url: https://bbdu.ac.in
latency: 0.21877431869506836
status_code: 200
error: None
timestamp: 2024-05-13 10:27:12
Pinging shopify.in
url: https://www.shopify.in
latency: 0.18753862380981445
status_code: 200
error: None
timestamp: 2024-05-13 10:27:17
Pinging flipkart.com
url: https://www.flipkart.com/
latency: 0.17296862602233887
status_code: 200
error: None
timestamp: 2024-05-13 10:27:22
Pinging bbdu.ac.in
url: https://bbdu.ac.in
latency: 0.1384296417236328
status_code: 200
error: None
timestamp: 2024-05-13 10:27:25
Pinging bbdu.ac.in
url: https://bbdu.ac.in
latency: 0.17185711860656738
status_code: 200
error: None
timestamp: 2024-05-13 10:27:32
Pinging bbdu.ac.in
url: https://bbdu.ac.in
latency: 0.20324015617370605
status_code: 200
error: None
timestamp: 2024-05-13 10:27:42
Pinging bbdu.ac.in
url: https://bbdu.ac.in
latency: 0.1958930492401123
status_code: 200
error: None
timestamp: 2024-05-13 10:27:52
Pinging bbdu.ac.in
url: https://bbdu.ac.in
latency: 0.17091107368469238
status_code: 200
error: None
timestamp: 2024-05-13 10:28:02
Pinging flipkart.com
url: https://www.flipkart.com/
latency: 0.12060117721557617
status_code: 200
error: None
timestamp: 2024-05-13 10:28:07
Pinging shopify.in
url: https://www.shopify.in
latency: 0.09204554557800293
status_code: 200
error: None
timestamp: 2024-05-13 10:28:09
Pinging bbdu.ac.in
url: https://bbdu.ac.in
latency: 0.20519399642944336
status_code: 200
error: None
timestamp: 2024-05-13 10:28:12
Pinging bbdu.ac.in
url: https://bbdu.ac.in
latency: 0.12649321556091309
status_code: 200
error: None
timestamp: 2024-05-13 10:28:22
Pinging bbdu.ac.in
url: https://bbdu.ac.in
latency: 0.15414762496948242
status_code: 200
error: None
timestamp: 2024-05-13 10:28:32
Pinging bbdu.ac.in
url: https://bbdu.ac.in
latency: 0.15750956535339355
status_code: 200
error: None
timestamp: 2024-05-13 10:28:42
Pinging flipkart.com
url: https://www.flipkart.com/
latency: 0.06623268127441406
status_code: 200
error: None
timestamp: 2024-05-13 10:28:52
Pinging bbdu.ac.in
url: https://bbdu.ac.in
latency: 0.17494750022888184
status_code: 200
error: None
timestamp: 2024-05-13 10:28:54
Pinging shopify.in
url: https://www.shopify.in
latency: 0.17325806617736816
status_code: 200
error: None
timestamp: 2024-05-13 10:28:57
Pinging bbdu.ac.in
url: https://bbdu.ac.in
latency: 0.09695768356323242
status_code: 200
error: None
timestamp: 2024-05-13 10:29:02
Pinging bbdu.ac.in
url: https://bbdu.ac.in
latency: 0.1735696792602539
status_code: 200
error: None
timestamp: 2024-05-13 10:29:12
Pinging bbdu.ac.in
url: https://bbdu.ac.in
latency: 0.21949172019958496
status_code: 200
error: None
timestamp: 2024-05-13 10:29:22
Pinging bbdu.ac.in
url: https://bbdu.ac.in
latency: 0.15099096298217773
status_code: 200
error: None
timestamp: 2024-05-13 10:29:32
Pinging flipkart.com
url: https://www.flipkart.com/
latency: 0.06778144836425781
status_code: 200
error: None
timestamp: 2024-05-13 10:29:37
Pinging bbdu.ac.in
url: https://bbdu.ac.in
latency: 0.18342018127441406
status_code: 200
error: None
timestamp: 2024-05-13 10:29:42
Pinging shopify.in
url: https://www.shopify.in
latency: 0.11121439933776855
status_code: 200
error: None
timestamp: 2024-05-13 10:29:47
Pinging bbdu.ac.in
url: https://bbdu.ac.in
latency: 0.10890579223632812
status_code: 200
error: None
timestamp: 2024-05-13 10:29:52
Pinging bbdu.ac.in
url: https://bbdu.ac.in
latency: 0.143510103225708
status_code: 200
error: None
timestamp: 2024-05-13 10:30:02
Pinging bbdu.ac.in
url: https://bbdu.ac.in
latency: 0.0923013687133789
status_code: 200
error: None
timestamp: 2024-05-13 10:30:12
Pinging flipkart.com
url: https://www.flipkart.com/
latency: 0.06937956809997559
status_code: 200
error: None
timestamp: 2024-05-13 10:30:22
Pinging bbdu.ac.in
url: https://bbdu.ac.in
latency: 0.16134119033813477
status_code: 200
error: None
timestamp: 2024-05-13 10:30:24
Pinging bbdu.ac.in
url: https://bbdu.ac.in
latency: 0.14061236381530762
status_code: 200
error: None
timestamp: 2024-05-13 10:30:32
Pinging shopify.in
url: https://www.shopify.in
latency: 0.11537384986877441
status_code: 200
error: None
timestamp: 2024-05-13 10:30:37
Pinging bbdu.ac.in
url: https://bbdu.ac.in
latency: 0.16519665718078613
status_code: 200
error: None
timestamp: 2024-05-13 10:30:42
Pinging bbdu.ac.in
url: https://bbdu.ac.in
latency: 0.19031119346618652
status_code: 200
error: None
timestamp: 2024-05-13 10:30:52
Pinging bbdu.ac.in
url: https://bbdu.ac.in
latency: 0.10553145408630371
status_code: 200
error: None
timestamp: 2024-05-13 10:31:02
Pinging flipkart.com
url: https://www.flipkart.com/
latency: 0.046600341796875
status_code: 200
error: None
timestamp: 2024-05-13 10:31:07
Pinging bbdu.ac.in
url: https://bbdu.ac.in
latency: 0.15482282638549805
status_code: 200
error: None
timestamp: 2024-05-13 10:31:12
Pinging bbdu.ac.in
url: https://bbdu.ac.in
latency: 0.17340826988220215
status_code: 200
error: None
timestamp: 2024-05-13 10:31:22
Pinging shopify.in
url: https://www.shopify.in
latency: 0.1857302188873291
status_code: 200
error: None
timestamp: 2024-05-13 10:31:27
Pinging bbdu.ac.in
url: https://bbdu.ac.in
latency: 0.09397172927856445
status_code: 200
error: None
timestamp: 2024-05-13 10:31:32
Pinging bbdu.ac.in
url: https://bbdu.ac.in
latency: 0.13541698455810547
status_code: 200
error: None
timestamp: 2024-05-13 10:31:42
Pinging flipkart.com
url: https://www.flipkart.com/
latency: 0.07481956481933594
status_code: 200
error: None
timestamp: 2024-05-13 10:31:52
Pinging bbdu.ac.in
url: https://bbdu.ac.in
latency: 0.15205907821655273
status_code: 200
error: None
timestamp: 2024-05-13 10:31:54
Pinging bbdu.ac.in
url: https://bbdu.ac.in
latency: 0.20380783081054688
status_code: 200
error: None
timestamp: 2024-05-13 10:32:02
Pinging bbdu.ac.in
url: https://bbdu.ac.in
latency: 0.2397632598876953
status_code: 200
error: None
timestamp: 2024-05-13 10:32:12
Pinging shopify.in
url: https://www.shopify.in
latency: 0.1660938262939453
status_code: 200
error: None
timestamp: 2024-05-13 10:32:17
Pinging bbdu.ac.in
url: https://bbdu.ac.in
latency: 0.09257340431213379
status_code: 200
error: None
timestamp: 2024-05-13 10:32:22
Pinging bbdu.ac.in
url: https://bbdu.ac.in
latency: 0.1952495574951172
status_code: 200
error: None
timestamp: 2024-05-13 10:32:32
Pinging flipkart.com
url: https://www.flipkart.com/
latency: 0.047823429107666016
status_code: 200
error: None
timestamp: 2024-05-13 10:32:37
Pinging bbdu.ac.in
url: https://bbdu.ac.in
latency: 0.13437819480895996
status_code: 200
error: None
timestamp: 2024-05-13 10:32:42
Pinging bbdu.ac.in
url: https://bbdu.ac.in
latency: 0.12145829200744629
status_code: 200
error: None
timestamp: 2024-05-13 10:32:52
Pinging bbdu.ac.in
url: https://bbdu.ac.in
latency: 0.15858697891235352
status_code: 200
error: None
timestamp: 2024-05-13 10:33:02
Pinging shopify.in
url: https://www.shopify.in
latency: 0.11062836647033691
status_code: 200
error: None
timestamp: 2024-05-13 10:33:07
Pinging bbdu.ac.in
url: https://bbdu.ac.in
latency: 0.09949302673339844
status_code: 200
error: None
timestamp: 2024-05-13 10:33:12
Pinging flipkart.com
url: https://www.flipkart.com/
latency: 0.07639718055725098
status_code: 200
error: None
timestamp: 2024-05-13 10:33:22
Pinging bbdu.ac.in
url: https://bbdu.ac.in
latency: 0.13408112525939941
status_code: 200
error: None
timestamp: 2024-05-13 10:33:24
Pinging bbdu.ac.in
url: https://bbdu.ac.in
latency: 0.09756875038146973
status_code: 200
error: None
timestamp: 2024-05-13 10:33:32
Pinging bbdu.ac.in
url: https://bbdu.ac.in
latency: 0.1724536418914795
status_code: 200
error: None
timestamp: 2024-05-13 10:33:42
Pinging bbdu.ac.in
url: https://bbdu.ac.in
latency: 0.0947420597076416
status_code: 200
error: None
timestamp: 2024-05-13 10:33:52
Pinging shopify.in
url: https://www.shopify.in
latency: 0.1961212158203125
status_code: 200
error: None
timestamp: 2024-05-13 10:33:57
Pinging bbdu.ac.in
url: https://bbdu.ac.in
latency: 0.2272193431854248
status_code: 200
error: None
timestamp: 2024-05-13 10:34:02
Pinging flipkart.com
url: https://www.flipkart.com/
latency: 0.12499785423278809
status_code: 200
error: None
timestamp: 2024-05-13 10:34:07
Pinging bbdu.ac.in
url: https://bbdu.ac.in
latency: 0.1408100128173828
status_code: 200
error: None
timestamp: 2024-05-13 10:34:12
Pinging bbdu.ac.in
url: https://bbdu.ac.in
latency: 0.17214202880859375
status_code: 200
error: None
timestamp: 2024-05-13 10:34:23
Pinging bbdu.ac.in
url: https://bbdu.ac.in
latency: 0.17252421379089355
status_code: 200
error: None
timestamp: 2024-05-13 10:34:33
Pinging bbdu.ac.in
url: https://bbdu.ac.in
latency: 0.23565292358398438
status_code: 200
error: None
timestamp: 2024-05-13 10:34:43
Pinging shopify.in
url: https://www.shopify.in
latency: 0.15639686584472656
status_code: 200
error: None
timestamp: 2024-05-13 10:34:47
Pinging flipkart.com
url: https://www.flipkart.com/
latency: 0.03130912780761719
status_code: 200
error: None
timestamp: 2024-05-13 10:34:52
Pinging bbdu.ac.in
url: https://bbdu.ac.in
latency: 0.10939717292785645
status_code: 200
error: None
timestamp: 2024-05-13 10:34:54
Pinging bbdu.ac.in
url: https://bbdu.ac.in
latency: 0.1722722053527832
status_code: 200
error: None
timestamp: 2024-05-13 10:35:03
Pinging bbdu.ac.in
url: https://bbdu.ac.in
latency: 0.2191779613494873
status_code: 200
error: None
timestamp: 2024-05-13 10:35:13
Pinging bbdu.ac.in
url: https://bbdu.ac.in
latency: 0.1252593994140625
status_code: 200
error: None
timestamp: 2024-05-13 10:35:23
Pinging bbdu.ac.in
url: https://bbdu.ac.in
latency: 0.15646839141845703
status_code: 200
error: None
timestamp: 2024-05-13 10:35:33
Pinging shopify.in
url: https://www.shopify.in
latency: 0.1093149185180664
status_code: 200
error: None
timestamp: 2024-05-13 10:35:37
Pinging flipkart.com
url: https://www.flipkart.com/
latency: 0.06252121925354004
status_code: 200
error: None
timestamp: 2024-05-13 10:35:43
Pinging bbdu.ac.in
url: https://bbdu.ac.in
latency: 0.09421348571777344
status_code: 200
error: None
timestamp: 2024-05-13 10:35:45
Pinging bbdu.ac.in
url: https://bbdu.ac.in
latency: 0.17216944694519043
status_code: 200
error: None
timestamp: 2024-05-13 10:35:53
Pinging bbdu.ac.in
url: https://bbdu.ac.in
latency: 0.14082837104797363
status_code: 200
error: None
timestamp: 2024-05-13 10:36:03
Pinging bbdu.ac.in
url: https://bbdu.ac.in
latency: 0.14078712463378906
status_code: 200
error: None
timestamp: 2024-05-13 10:36:13
Pinging flipkart.com
url: https://www.flipkart.com/
latency: 0.1873950958251953
status_code: 200
error: None
timestamp: 2024-05-13 10:36:22
Pinging bbdu.ac.in
url: https://bbdu.ac.in
latency: 0.203291654586792
status_code: 200
error: None
timestamp: 2024-05-13 10:36:24
Pinging shopify.in
url: https://www.shopify.in
latency: 0.1719822883605957
status_code: 200
error: None
timestamp: 2024-05-13 10:36:27
Pinging bbdu.ac.in
url: https://bbdu.ac.in
latency: 0.09375238418579102
status_code: 200
error: None
timestamp: 2024-05-13 10:36:33
Pinging bbdu.ac.in
url: https://bbdu.ac.in
latency: 0.13499021530151367
status_code: 200
error: None
timestamp: 2024-05-13 10:36:43
Pinging bbdu.ac.in
url: https://bbdu.ac.in
latency: 0.09224677085876465
status_code: 200
error: None
timestamp: 2024-05-13 10:36:53
Pinging bbdu.ac.in
url: https://bbdu.ac.in
latency: 0.18210554122924805
status_code: 200
error: None
timestamp: 2024-05-13 10:37:03
Pinging flipkart.com
url: https://www.flipkart.com/
latency: 0.11706733703613281
status_code: 200
error: None
timestamp: 2024-05-13 10:37:07
Pinging bbdu.ac.in
url: https://bbdu.ac.in
latency: 0.12664294242858887
status_code: 200
error: None
timestamp: 2024-05-13 10:37:13
Pinging shopify.in
url: https://www.shopify.in
latency: 0.25948452949523926
status_code: 200
error: None
timestamp: 2024-05-13 10:37:17
Pinging bbdu.ac.in
url: https://bbdu.ac.in
latency: 0.15379858016967773
status_code: 200
error: None
timestamp: 2024-05-13 10:37:23
Pinging bbdu.ac.in
url: https://bbdu.ac.in
latency: 0.16198515892028809
status_code: 200
error: None
timestamp: 2024-05-13 10:37:33
Pinging bbdu.ac.in
url: https://bbdu.ac.in
latency: 0.12029433250427246
status_code: 200
error: None
timestamp: 2024-05-13 10:37:43
Pinging flipkart.com
url: https://www.flipkart.com/
latency: 0.0749044418334961
status_code: 200
error: None
timestamp: 2024-05-13 10:37:52
Pinging bbdu.ac.in
url: https://bbdu.ac.in
latency: 0.12757420539855957
status_code: 200
error: None
timestamp: 2024-05-13 10:37:54
Pinging bbdu.ac.in
url: https://bbdu.ac.in
latency: 0.10423445701599121
status_code: 200
error: None
timestamp: 2024-05-13 10:38:03
Pinging shopify.in
url: https://www.shopify.in
latency: 0.09639263153076172
status_code: 200
error: None
timestamp: 2024-05-13 10:38:07
Pinging bbdu.ac.in
url: https://bbdu.ac.in
latency: 0.19663143157958984
status_code: 200
error: None
timestamp: 2024-05-13 10:38:13
Pinging bbdu.ac.in
url: https://bbdu.ac.in
latency: 0.11768651008605957
status_code: 200
error: None
timestamp: 2024-05-13 10:38:23
Pinging bbdu.ac.in
url: https://bbdu.ac.in
latency: 0.1571977138519287
status_code: 200
error: None
timestamp: 2024-05-13 10:38:33
Pinging flipkart.com
url: https://www.flipkart.com/
latency: 0.12319135665893555
status_code: 200
error: None
timestamp: 2024-05-13 10:38:37
Pinging bbdu.ac.in
url: https://bbdu.ac.in
latency: 0.18647193908691406
status_code: 200
error: None
timestamp: 2024-05-13 10:38:43
Pinging bbdu.ac.in
url: https://bbdu.ac.in
latency: 0.10719752311706543
status_code: 200
error: None
timestamp: 2024-05-13 10:38:53
Pinging shopify.in
url: https://www.shopify.in
latency: 0.20685696601867676
status_code: 200
error: None
timestamp: 2024-05-13 10:38:57
Pinging bbdu.ac.in
url: https://bbdu.ac.in
latency: 0.10227298736572266
status_code: 200
error: None
timestamp: 2024-05-13 10:39:03
Pinging bbdu.ac.in
url: https://bbdu.ac.in
latency: 0.0829923152923584
status_code: 200
error: None
timestamp: 2024-05-13 10:39:13
Pinging flipkart.com
url: https://www.flipkart.com/
latency: 0.04994845390319824
status_code: 200
error: None
timestamp: 2024-05-13 10:39:24
Pinging bbdu.ac.in
url: https://bbdu.ac.in
latency: 0.08765625953674316
status_code: 200
error: None
timestamp: 2024-05-13 10:39:26
Pinging bbdu.ac.in
url: https://bbdu.ac.in
latency: 0.1559464931488037
status_code: 200
error: None
timestamp: 2024-05-13 10:39:33
Pinging bbdu.ac.in
url: https://bbdu.ac.in
latency: 0.09367680549621582
status_code: 200
error: None
timestamp: 2024-05-13 10:39:43
Pinging shopify.in
url: https://www.shopify.in
latency: 0.17826581001281738
status_code: 200
error: None
timestamp: 2024-05-13 10:39:47
Pinging bbdu.ac.in
url: https://bbdu.ac.in
latency: 0.11656999588012695
status_code: 200
error: None
timestamp: 2024-05-13 10:39:53
Pinging bbdu.ac.in
url: https://bbdu.ac.in
latency: 0.2175581455230713
status_code: 200
error: None
timestamp: 2024-05-13 10:40:03
Pinging flipkart.com
url: https://www.flipkart.com/
latency: 0.03841519355773926
status_code: 200
error: None
timestamp: 2024-05-13 10:40:07
Pinging bbdu.ac.in
url: https://bbdu.ac.in
latency: 0.18652057647705078
status_code: 200
error: None
timestamp: 2024-05-13 10:40:13
Pinging bbdu.ac.in
url: https://bbdu.ac.in
latency: 0.17826557159423828
status_code: 200
error: None
timestamp: 2024-05-13 10:40:23
Pinging bbdu.ac.in
url: https://bbdu.ac.in
latency: 0.20236802101135254
status_code: 200
error: None
timestamp: 2024-05-13 10:40:33
Pinging shopify.in
url: https://www.shopify.in
latency: 0.13749384880065918
status_code: 200
error: None
timestamp: 2024-05-13 10:40:37
Pinging bbdu.ac.in
url: https://bbdu.ac.in
latency: 0.09048771858215332
status_code: 200
error: None
timestamp: 2024-05-13 10:40:43
Pinging flipkart.com
url: https://www.flipkart.com/
latency: 0.0796976089477539
status_code: 200
error: None
timestamp: 2024-05-13 10:40:52
Pinging bbdu.ac.in
url: https://bbdu.ac.in
latency: 0.195725679397583
status_code: 200
error: None
timestamp: 2024-05-13 10:40:54
Pinging bbdu.ac.in
url: https://bbdu.ac.in
latency: 0.20363640785217285
status_code: 200
error: None
timestamp: 2024-05-13 10:41:03
Pinging bbdu.ac.in
url: https://bbdu.ac.in
latency: 0.10543036460876465
status_code: 200
error: None
timestamp: 2024-05-13 10:41:13
Pinging bbdu.ac.in
url: https://bbdu.ac.in
latency: 0.13835787773132324
status_code: 200
error: None
timestamp: 2024-05-13 10:41:23
Pinging shopify.in
url: https://www.shopify.in
latency: 0.10925960540771484
status_code: 200
error: None
timestamp: 2024-05-13 10:41:27
Pinging bbdu.ac.in
url: https://bbdu.ac.in
latency: 0.0949394702911377
status_code: 200
error: None
timestamp: 2024-05-13 10:41:33
Pinging bbdu.ac.in
url: https://bbdu.ac.in
latency: -1
status_code: 200
error: Could not ping the website
timestamp: 2024-05-15 19:34:23
Pinging flipkart.com
url: https://www.flipkart.com/
latency: 0.048558712005615234
status_code: 200
error: None
timestamp: 2024-05-15 19:34:31
Pinging bbdu.ac.in
url: https://bbdu.ac.in
latency: 0.08123159408569336
status_code: 200
error: None
timestamp: 2024-05-15 19:34:57
Pinging bbdu.ac.in
url: https://bbdu.ac.in
latency: 0.08108258247375488
status_code: 200
error: None
timestamp: 2024-05-15 19:34:59
Pinging bbdu.ac.in
url: https://bbdu.ac.in
latency: 0.08903169631958008
status_code: 200
error: None
timestamp: 2024-05-15 19:35:02
Pinging bbdu.ac.in
url: https://bbdu.ac.in
latency: 0.11810517311096191
status_code: 200
error: None
timestamp: 2024-05-15 19:35:03
Pinging shopify.in
url: https://www.shopify.in
latency: 0.017273902893066406
status_code: 200
error: None
timestamp: 2024-05-15 19:35:04
Pinging flipkart.com
url: https://www.flipkart.com/
latency: 0.13405895233154297
status_code: 200
error: None
timestamp: 2024-05-15 19:35:09
Pinging bbdu.ac.in
url: https://bbdu.ac.in
latency: 0.08313965797424316
status_code: 200
error: None
timestamp: 2024-05-15 19:37:45
Pinging bbdu.ac.in
url: https://bbdu.ac.in
latency: 0.07571744918823242
status_code: 200
error: None
timestamp: 2024-05-15 19:37:46
Pinging bbdu.ac.in
url: https://bbdu.ac.in
latency: 0.06823921203613281
status_code: 200
error: None
timestamp: 2024-05-15 19:37:47
Pinging bbdu.ac.in
url: https://bbdu.ac.in
latency: 0.0731973648071289
status_code: 200
error: None
timestamp: 2024-05-15 19:37:48
Pinging bbdu.ac.in
url: https://bbdu.ac.in
latency: 0.07289791107177734
status_code: 200
error: None
timestamp: 2024-05-15 19:37:49
Pinging shopify.in
url: https://www.shopify.in
latency: 0.018881797790527344
status_code: 200
error: None
timestamp: 2024-05-15 19:37:50
Pinging flipkart.com
url: https://www.flipkart.com/
latency: 0.04430127143859863
status_code: 200
error: None
timestamp: 2024-05-15 19:37:51
Pinging bbdu.ac.in
url: https://bbdu.ac.in
latency: 0.07665038108825684
status_code: 200
error: None
timestamp: 2024-05-15 19:37:53
Pinging bbdu.ac.in
url: https://bbdu.ac.in
latency: 0.07451939582824707
status_code: 200
error: None
timestamp: 2024-05-15 19:37:53
Pinging bbdu.ac.in
url: https://bbdu.ac.in
latency: 0.08097195625305176
status_code: 200
error: None
timestamp: 2024-05-15 19:37:54
Pinging bbdu.ac.in
url: https://bbdu.ac.in
latency: 0.08158349990844727
status_code: 200
error: None
timestamp: 2024-05-15 19:37:55
Pinging flipkart.com
url: https://www.flipkart.com/
latency: 0.04540061950683594
status_code: 200
error: None
timestamp: 2024-05-15 19:37:56
Pinging bbdu.ac.in
url: https://bbdu.ac.in
latency: 0.1060934066772461
status_code: 200
error: None
timestamp: 2024-05-15 19:37:57
Pinging shopify.in
url: https://www.shopify.in
latency: 0.017466068267822266
status_code: 200
error: None
timestamp: 2024-05-15 19:37:58
Pinging bbdu.ac.in
url: https://bbdu.ac.in
latency: 0.09357476234436035
status_code: 200
error: None
timestamp: 2024-05-15 19:38:00
Pinging bbdu.ac.in
url: https://bbdu.ac.in
latency: 0.07597541809082031
status_code: 200
error: None
timestamp: 2024-05-15 19:38:00
Pinging bbdu.ac.in
url: https://bbdu.ac.in
latency: 0.08007454872131348
status_code: 200
error: None
timestamp: 2024-05-15 19:38:01
Pinging bbdu.ac.in
url: https://bbdu.ac.in
latency: 0.07752490043640137
status_code: 200
error: None
timestamp: 2024-05-15 19:38:02
Pinging flipkart.com
url: https://www.flipkart.com/
latency: 0.04627704620361328
status_code: 200
error: None
timestamp: 2024-05-15 19:38:03
Pinging bbdu.ac.in
url: https://bbdu.ac.in
latency: 0.08530855178833008
status_code: 200
error: None
timestamp: 2024-05-15 19:38:04
Pinging shopify.in
url: https://www.shopify.in
latency: 0.024247407913208008
status_code: 200
error: None
timestamp: 2024-05-15 19:38:06
Pinging bbdu.ac.in
url: https://bbdu.ac.in
latency: 0.12934327125549316
status_code: 200
error: None
timestamp: 2024-05-15 19:39:34
Pinging bbdu.ac.in
url: https://bbdu.ac.in
latency: 0.07471966743469238
status_code: 200
error: None
timestamp: 2024-05-15 19:39:44
Pinging bbdu.ac.in
url: https://bbdu.ac.in
latency: 0.07398509979248047
status_code: 200
error: None
timestamp: 2024-05-15 19:39:44
Pinging flipkart.com
url: https://www.flipkart.com/
latency: 0.04841279983520508
status_code: 200
error: None
timestamp: 2024-05-15 19:39:45
Pinging bbdu.ac.in
url: https://bbdu.ac.in
latency: 0.07943511009216309
status_code: 200
error: None
timestamp: 2024-05-15 19:39:46
Pinging bbdu.ac.in
url: https://bbdu.ac.in
latency: 0.18886566162109375
status_code: 200
error: None
timestamp: 2024-05-15 19:39:47
Pinging shopify.in
url: https://www.shopify.in
latency: 0.02211761474609375
status_code: 200
error: None
timestamp: 2024-05-15 19:39:51
Pinging bbdu.ac.in
url: https://bbdu.ac.in
latency: 0.07891368865966797
status_code: 200
error: None
timestamp: 2024-05-15 19:39:53
Pinging bbdu.ac.in
url: https://bbdu.ac.in
latency: 0.07353448867797852
status_code: 200
error: None
timestamp: 2024-05-15 19:40:01
Pinging bbdu.ac.in
url: https://bbdu.ac.in
latency: 0.07923579216003418
status_code: 200
error: None
timestamp: 2024-05-15 19:40:02
Pinging flipkart.com
url: https://www.flipkart.com/
latency: 0.08834242820739746
status_code: 200
error: None
timestamp: 2024-05-15 19:40:03
Pinging bbdu.ac.in
url: https://bbdu.ac.in
latency: 0.07889723777770996
status_code: 200
error: None
timestamp: 2024-05-15 19:40:04
Pinging bbdu.ac.in
url: https://bbdu.ac.in
latency: 0.08105635643005371
status_code: 200
error: None
timestamp: 2024-05-15 19:40:05
Pinging shopify.in
url: https://www.shopify.in
latency: 0.022891521453857422
status_code: 200
error: None
timestamp: 2024-05-15 19:40:14
Pinging bbdu.ac.in
url: https://bbdu.ac.in
latency: 0.12588977813720703
status_code: 200
error: None
timestamp: 2024-05-15 19:40:16
Pinging bbdu.ac.in
url: https://bbdu.ac.in
latency: 0.07672667503356934
status_code: 200
error: None
timestamp: 2024-05-15 19:40:16
Pinging flipkart.com
url: https://www.flipkart.com/
latency: 0.056388139724731445
status_code: 200
error: None
timestamp: 2024-05-15 19:40:17
Pinging bbdu.ac.in
url: https://bbdu.ac.in
latency: 0.07807064056396484
status_code: 200
error: None
timestamp: 2024-05-15 19:40:19
Pinging bbdu.ac.in
url: https://bbdu.ac.in
latency: 0.500558614730835
status_code: 200
error: None
timestamp: 2024-05-15 19:40:20
Pinging bbdu.ac.in
url: https://bbdu.ac.in
latency: 0.07447981834411621
status_code: 200
error: None
timestamp: 2024-05-15 19:40:26
Pinging shopify.in
url: https://www.shopify.in
latency: 0.02335214614868164
status_code: 200
error: None
timestamp: 2024-05-15 19:40:27
Pinging bbdu.ac.in
url: https://bbdu.ac.in
latency: 0.07557487487792969
status_code: 200
error: None
timestamp: 2024-05-15 19:40:29
Pinging bbdu.ac.in
url: https://bbdu.ac.in
latency: 0.07847237586975098
status_code: 200
error: None
timestamp: 2024-05-15 19:40:30
Pinging flipkart.com
url: https://www.flipkart.com/
latency: 0.059340476989746094
status_code: 200
error: None
timestamp: 2024-05-15 19:40:31
Pinging bbdu.ac.in
url: https://bbdu.ac.in
latency: 0.08442401885986328
status_code: 200
error: None
timestamp: 2024-05-15 19:40:32
Pinging bbdu.ac.in
url: https://bbdu.ac.in
latency: 0.08592486381530762
status_code: 200
error: None
timestamp: 2024-05-15 19:40:33
Pinging bbdu.ac.in
url: https://bbdu.ac.in
latency: 0.08623361587524414
status_code: 200
error: None
timestamp: 2024-05-15 19:40:34
Pinging shopify.in
url: https://www.shopify.in
latency: 0.025349855422973633
status_code: 200
error: None
timestamp: 2024-05-15 19:40:35
Pinging bbdu.ac.in
url: https://bbdu.ac.in
latency: 0.07046079635620117
status_code: 200
error: None
timestamp: 2024-05-15 19:40:37
Pinging flipkart.com
url: https://www.flipkart.com/
latency: 0.06454849243164062
status_code: 200
error: None
timestamp: 2024-05-15 19:40:38
Pinging bbdu.ac.in
url: https://bbdu.ac.in
latency: 0.08810853958129883
status_code: 200
error: None
timestamp: 2024-05-15 19:40:39
Pinging bbdu.ac.in
url: https://bbdu.ac.in
latency: 0.07988667488098145
status_code: 200
error: None
timestamp: 2024-05-15 19:40:40
Pinging bbdu.ac.in
url: https://bbdu.ac.in
latency: 0.07643747329711914
status_code: 200
error: None
timestamp: 2024-05-15 19:40:41
Pinging bbdu.ac.in
url: https://bbdu.ac.in
latency: 0.39499688148498535
status_code: 200
error: None
timestamp: 2024-05-15 19:40:43
Pinging shopify.in
url: https://www.shopify.in
latency: 0.17783904075622559
status_code: 200
error: None
timestamp: 2024-05-15 19:40:45
Pinging bbdu.ac.in
url: https://bbdu.ac.in
latency: 0.08101820945739746
status_code: 200
error: None
timestamp: 2024-05-15 19:40:48
Pinging flipkart.com
url: https://www.flipkart.com/
latency: 0.04319334030151367
status_code: 200
error: None
timestamp: 2024-05-15 19:40:49
Pinging bbdu.ac.in
url: https://bbdu.ac.in
latency: 0.07953929901123047
status_code: 200
error: None
timestamp: 2024-05-15 19:40:50
Pinging bbdu.ac.in
url: https://bbdu.ac.in
latency: 0.08031058311462402
status_code: 200
error: None
timestamp: 2024-05-15 19:40:51
Pinging bbdu.ac.in
url: https://bbdu.ac.in
latency: 0.07842397689819336
status_code: 200
error: None
timestamp: 2024-05-15 19:40:52
Pinging bbdu.ac.in
url: https://bbdu.ac.in
latency: 0.07623887062072754
status_code: 200
error: None
timestamp: 2024-05-15 19:40:53
Pinging shopify.in
url: https://www.shopify.in
latency: 0.03124260902404785
status_code: 200
error: None
timestamp: 2024-05-15 19:40:54
Pinging flipkart.com
url: https://www.flipkart.com/
latency: 0.044920921325683594
status_code: 200
error: None
timestamp: 2024-05-15 19:40:56
Pinging bbdu.ac.in
url: https://bbdu.ac.in
latency: 0.08046293258666992
status_code: 200
error: None
timestamp: 2024-05-15 19:40:57
Pinging bbdu.ac.in
url: https://bbdu.ac.in
latency: 0.07454466819763184
status_code: 200
error: None
timestamp: 2024-05-15 19:40:58
Pinging bbdu.ac.in
url: https://bbdu.ac.in
latency: 0.07148933410644531
status_code: 200
error: None
timestamp: 2024-05-15 19:40:59
Pinging bbdu.ac.in
url: https://bbdu.ac.in
latency: 0.0789949893951416
status_code: 200
error: None
timestamp: 2024-05-15 19:41:00
Pinging bbdu.ac.in
url: https://bbdu.ac.in
latency: 0.08132314682006836
status_code: 200
error: None
timestamp: 2024-05-15 19:41:01
Pinging shopify.in
url: https://www.shopify.in
latency: -1
status_code: 200
error: Could not ping the website
timestamp: 2024-05-15 19:41:04
Pinging flipkart.com
url: https://www.flipkart.com/
latency: 0.03625082969665527
status_code: 200
error: None
timestamp: 2024-05-15 19:41:11
Pinging bbdu.ac.in
url: https://bbdu.ac.in
latency: 0.07956910133361816
status_code: 200
error: None
timestamp: 2024-05-15 19:41:13
Pinging bbdu.ac.in
url: https://bbdu.ac.in
latency: -1
status_code: 200
error: Could not ping the website
timestamp: 2024-05-15 19:41:14
Pinging bbdu.ac.in
url: https://bbdu.ac.in
latency: 0.06885385513305664
status_code: 200
error: None
timestamp: 2024-05-15 19:41:21
Pinging bbdu.ac.in
url: https://bbdu.ac.in
latency: 0.0918428897857666
status_code: 200
error: None
timestamp: 2024-05-15 19:41:22
Pinging flipkart.com
url: https://www.flipkart.com/
latency: 0.04606032371520996
status_code: 200
error: None
timestamp: 2024-05-15 19:41:23
Pinging bbdu.ac.in
url: https://bbdu.ac.in
latency: 0.09175825119018555
status_code: 200
error: None
timestamp: 2024-05-15 19:41:24
Pinging shopify.in
url: https://www.shopify.in
latency: 0.012601375579833984
status_code: 200
error: None
timestamp: 2024-05-15 19:41:25
Pinging bbdu.ac.in
url: https://bbdu.ac.in
latency: 0.08017086982727051
status_code: 200
error: None
timestamp: 2024-05-15 19:41:27
Pinging bbdu.ac.in
url: https://bbdu.ac.in
latency: 0.07645797729492188
status_code: 200
error: None
timestamp: 2024-05-15 19:41:28
Pinging bbdu.ac.in
url: https://bbdu.ac.in
latency: 0.08282041549682617
status_code: 200
error: None
timestamp: 2024-05-15 19:41:29
Pinging bbdu.ac.in
url: https://bbdu.ac.in
latency: 0.07579278945922852
status_code: 200
error: None
timestamp: 2024-05-15 19:41:30
Pinging flipkart.com
url: https://www.flipkart.com/
latency: -1
status_code: 200
error: Could not ping the website
timestamp: 2024-05-15 19:41:32
Pinging bbdu.ac.in
url: https://bbdu.ac.in
latency: 0.07917594909667969
status_code: 200
error: None
timestamp: 2024-05-15 19:41:38
Pinging shopify.in
url: https://www.shopify.in
latency: 0.018893003463745117
status_code: 200
error: None
timestamp: 2024-05-15 19:41:39
Pinging bbdu.ac.in
url: https://bbdu.ac.in
latency: 0.12416696548461914
status_code: 200
error: None
timestamp: 2024-05-15 19:41:41
Pinging bbdu.ac.in
url: https://bbdu.ac.in
latency: 0.07310676574707031
status_code: 200
error: None
timestamp: 2024-05-15 19:41:54
Pinging bbdu.ac.in
url: https://bbdu.ac.in
latency: 0.0907890796661377
status_code: 200
error: None
timestamp: 2024-05-15 19:41:54
Pinging flipkart.com
url: https://www.flipkart.com/
latency: 0.03956246376037598
status_code: 200
error: None
timestamp: 2024-05-15 19:41:55
Pinging bbdu.ac.in
url: https://bbdu.ac.in
latency: 0.0798788070678711
status_code: 200
error: None
timestamp: 2024-05-15 19:41:57
Pinging bbdu.ac.in
url: https://bbdu.ac.in
latency: 0.07834124565124512
status_code: 200
error: None
timestamp: 2024-05-15 19:41:57
Pinging shopify.in
url: https://www.shopify.in
latency: 0.017397642135620117
status_code: 200
error: None
timestamp: 2024-05-15 19:41:58
Pinging bbdu.ac.in
url: https://bbdu.ac.in
latency: 0.07691717147827148
status_code: 200
error: None
timestamp: 2024-05-15 19:42:00
Pinging bbdu.ac.in
url: https://bbdu.ac.in
latency: 0.06931686401367188
status_code: 200
error: None
timestamp: 2024-05-15 19:42:08
Pinging bbdu.ac.in
url: https://bbdu.ac.in
latency: 0.06919598579406738
status_code: 200
error: None
timestamp: 2024-05-15 19:42:09
Pinging flipkart.com
url: https://www.flipkart.com/
latency: 0.03784036636352539
status_code: 200
error: None
timestamp: 2024-05-15 19:42:10
Pinging bbdu.ac.in
url: https://bbdu.ac.in
latency: 0.06553077697753906
status_code: 200
error: None
timestamp: 2024-05-15 19:42:12
Pinging bbdu.ac.in
url: https://bbdu.ac.in
latency: 0.08038592338562012
status_code: 200
error: None
timestamp: 2024-05-15 19:42:13
Pinging shopify.in
url: https://www.shopify.in
latency: 0.019641399383544922
status_code: 200
error: None
timestamp: 2024-05-15 19:42:13
Pinging bbdu.ac.in
url: https://bbdu.ac.in
latency: -1
status_code: 200
error: Could not ping the website
timestamp: 2024-05-15 19:42:15
Pinging bbdu.ac.in
url: https://bbdu.ac.in
latency: 0.07757210731506348
status_code: 200
error: None
timestamp: 2024-05-15 19:42:20
Pinging flipkart.com
url: https://www.flipkart.com/
latency: 0.04347705841064453
status_code: 200
error: None
timestamp: 2024-05-15 19:42:21
Pinging bbdu.ac.in
url: https://bbdu.ac.in
latency: 0.10240435600280762
status_code: 200
error: None
timestamp: 2024-05-15 19:42:23
Pinging bbdu.ac.in
url: https://bbdu.ac.in
latency: 0.07715201377868652
status_code: 200
error: None
timestamp: 2024-05-15 19:42:23
Pinging bbdu.ac.in
url: https://bbdu.ac.in
latency: 0.07500481605529785
status_code: 200
error: None
timestamp: 2024-05-15 19:42:24
Pinging shopify.in
url: https://www.shopify.in
latency: 0.01613903045654297
status_code: 200
error: None
timestamp: 2024-05-15 19:42:25
Pinging bbdu.ac.in
url: https://bbdu.ac.in
latency: 0.6624362468719482
status_code: 200
error: None
timestamp: 2024-05-15 19:42:29
Pinging bbdu.ac.in
url: https://bbdu.ac.in
latency: 0.08006572723388672
status_code: 200
error: None
timestamp: 2024-05-15 19:42:32
Pinging flipkart.com
url: https://www.flipkart.com/
latency: 0.04976463317871094
status_code: 200
error: None
timestamp: 2024-05-15 19:42:33
Pinging bbdu.ac.in
url: https://bbdu.ac.in
latency: 0.07764983177185059
status_code: 200
error: None
timestamp: 2024-05-15 19:42:35
Pinging bbdu.ac.in
url: https://bbdu.ac.in
latency: 0.07680797576904297
status_code: 200
error: None
timestamp: 2024-05-15 19:42:36
Pinging bbdu.ac.in
url: https://bbdu.ac.in
latency: 0.08373713493347168
status_code: 200
error: None
timestamp: 2024-05-15 19:42:37
Pinging shopify.in
url: https://www.shopify.in
latency: 0.014166831970214844
status_code: 200
error: None
timestamp: 2024-05-15 19:42:37
Pinging bbdu.ac.in
url: https://bbdu.ac.in
latency: 0.06816601753234863
status_code: 200
error: None
timestamp: 2024-05-15 19:42:39
Pinging flipkart.com
url: https://www.flipkart.com/
latency: 0.04858040809631348
status_code: 200
error: None
timestamp: 2024-05-15 19:42:40
Pinging bbdu.ac.in
url: https://bbdu.ac.in
latency: 0.10520768165588379
status_code: 200
error: None
timestamp: 2024-05-15 19:42:41
Pinging bbdu.ac.in
url: https://bbdu.ac.in
latency: 0.07379388809204102
status_code: 200
error: None
timestamp: 2024-05-15 19:42:42
Pinging bbdu.ac.in
url: https://bbdu.ac.in
latency: 0.07574057579040527
status_code: 200
error: None
timestamp: 2024-05-15 19:42:43
Pinging bbdu.ac.in
url: https://bbdu.ac.in
latency: 0.079132080078125
status_code: 200
error: None
timestamp: 2024-05-15 19:42:44
Pinging shopify.in
url: https://www.shopify.in
latency: 0.01582050323486328
status_code: 200
error: None
timestamp: 2024-05-15 19:42:45
Pinging bbdu.ac.in
url: https://bbdu.ac.in
latency: 0.10805535316467285
status_code: 200
error: None
timestamp: 2024-05-15 19:42:47
Pinging flipkart.com
url: https://www.flipkart.com/
latency: 0.03903055191040039
status_code: 200
error: None
timestamp: 2024-05-15 19:42:48
Pinging bbdu.ac.in
url: https://bbdu.ac.in
latency: 0.08220243453979492
status_code: 200
error: None
timestamp: 2024-05-15 19:42:50
Pinging bbdu.ac.in
url: https://bbdu.ac.in
latency: 0.06547212600708008
status_code: 200
error: None
timestamp: 2024-05-15 19:42:51
Pinging bbdu.ac.in
url: https://bbdu.ac.in
latency: 0.09370875358581543
status_code: 200
error: None
timestamp: 2024-05-15 19:42:51
Pinging bbdu.ac.in
url: https://bbdu.ac.in
latency: 0.07590031623840332
status_code: 200
error: None
timestamp: 2024-05-15 19:42:52
Pinging shopify.in
url: https://www.shopify.in
latency: 0.03049612045288086
status_code: 200
error: None
timestamp: 2024-05-15 19:42:53
Pinging flipkart.com
url: https://www.flipkart.com/
latency: 0.23443102836608887
status_code: 200
error: None
timestamp: 2024-05-15 19:42:56
Pinging bbdu.ac.in
url: https://bbdu.ac.in
latency: 0.10494422912597656
status_code: 200
error: None
timestamp: 2024-05-15 19:43:11
Pinging bbdu.ac.in
url: https://bbdu.ac.in
latency: 0.12366485595703125
status_code: 200
error: None
timestamp: 2024-05-15 19:43:12
Pinging bbdu.ac.in
url: https://bbdu.ac.in
latency: 0.07134342193603516
status_code: 200
error: None
timestamp: 2024-05-15 19:43:14
Pinging bbdu.ac.in
url: https://bbdu.ac.in
latency: 0.0778970718383789
status_code: 200
error: None
timestamp: 2024-05-15 19:43:15
Pinging bbdu.ac.in
url: https://bbdu.ac.in
latency: 0.07720780372619629
status_code: 200
error: None
timestamp: 2024-05-15 19:43:16
Pinging shopify.in
url: https://www.shopify.in
latency: 0.017633438110351562
status_code: 200
error: None
timestamp: 2024-05-15 19:43:17
Pinging flipkart.com
url: https://www.flipkart.com/
latency: 0.610112190246582
status_code: 200
error: None
timestamp: 2024-05-15 19:43:18
Pinging bbdu.ac.in
url: https://bbdu.ac.in
latency: 0.10332727432250977
status_code: 200
error: None
timestamp: 2024-05-15 19:43:25
Pinging bbdu.ac.in
url: https://bbdu.ac.in
latency: 0.07064485549926758
status_code: 200
error: None
timestamp: 2024-05-15 19:43:26
Pinging bbdu.ac.in
url: https://bbdu.ac.in
latency: 0.07699728012084961
status_code: 200
error: None
timestamp: 2024-05-15 19:43:27
Pinging bbdu.ac.in
url: https://bbdu.ac.in
latency: 0.08109855651855469
status_code: 200
error: None
timestamp: 2024-05-15 19:43:28
Pinging flipkart.com
url: https://www.flipkart.com/
latency: 0.0786435604095459
status_code: 200
error: None
timestamp: 2024-05-15 19:43:29
Pinging bbdu.ac.in
url: https://bbdu.ac.in
latency: 0.07897448539733887
status_code: 200
error: None
timestamp: 2024-05-15 19:43:30
Pinging shopify.in
url: https://www.shopify.in
latency: 0.019656896591186523
status_code: 200
error: None
timestamp: 2024-05-15 19:43:31
Pinging flipkart.com
url: https://www.flipkart.com/
latency: 0.047576189041137695
status_code: 200
error: None
timestamp: 2024-05-15 19:43:33
Pinging shopify.in
url: https://www.shopify.in
latency: 0.018987417221069336
status_code: 200
error: None
timestamp: 2024-05-15 19:43:34
Pinging bbdu.ac.in
url: https://bbdu.ac.in
latency: 0.07858729362487793
status_code: 200
error: None
timestamp: 2024-05-15 19:43:35
Pinging bbdu.ac.in
url: https://bbdu.ac.in
latency: 0.07807683944702148
status_code: 200
error: None
timestamp: 2024-05-15 19:43:36
Pinging bbdu.ac.in
url: https://bbdu.ac.in
latency: 0.07778453826904297
status_code: 200
error: None
timestamp: 2024-05-15 19:43:37
Pinging bbdu.ac.in
url: https://bbdu.ac.in
latency: 0.07747554779052734
status_code: 200
error: None
timestamp: 2024-05-15 19:43:38
Pinging bbdu.ac.in
url: https://bbdu.ac.in
latency: 0.07244420051574707
status_code: 200
error: None
timestamp: 2024-05-15 19:43:38
Pinging flipkart.com
url: https://www.flipkart.com/
latency: 0.04989910125732422
status_code: 200
error: None
timestamp: 2024-05-15 19:43:39
Pinging shopify.in
url: https://www.shopify.in
latency: 0.17315459251403809
status_code: 200
error: None
timestamp: 2024-05-15 19:43:42
Pinging bbdu.ac.in
url: https://bbdu.ac.in
latency: 0.07595419883728027
status_code: 200
error: None
timestamp: 2024-05-15 19:43:45
Pinging bbdu.ac.in
url: https://bbdu.ac.in
latency: 0.07249164581298828
status_code: 200
error: None
timestamp: 2024-05-15 19:43:46
Pinging bbdu.ac.in
url: https://bbdu.ac.in
latency: 0.0746006965637207
status_code: 200
error: None
timestamp: 2024-05-15 19:43:47
Pinging bbdu.ac.in
url: https://bbdu.ac.in
latency: 0.07352304458618164
status_code: 200
error: None
timestamp: 2024-05-15 19:43:48
Pinging flipkart.com
url: https://www.flipkart.com/
latency: 0.050524234771728516
status_code: 200
error: None
timestamp: 2024-05-15 19:43:49
Pinging bbdu.ac.in
url: https://bbdu.ac.in
latency: 0.06891417503356934
status_code: 200
error: None
timestamp: 2024-05-15 19:43:50
Pinging shopify.in
url: https://www.shopify.in
latency: 0.019094228744506836
status_code: 200
error: None
timestamp: 2024-05-15 19:43:51
Pinging bbdu.ac.in
url: https://bbdu.ac.in
latency: 1.0526342391967773
status_code: 200
error: None
timestamp: 2024-05-15 19:43:54
Pinging bbdu.ac.in
url: https://bbdu.ac.in
latency: 0.07405948638916016
status_code: 200
error: None
timestamp: 2024-05-15 19:44:01
Pinging bbdu.ac.in
url: https://bbdu.ac.in
latency: 0.10209512710571289
status_code: 200
error: None
timestamp: 2024-05-15 19:44:02
Pinging bbdu.ac.in
url: https://bbdu.ac.in
latency: 0.07474207878112793
status_code: 200
error: None
timestamp: 2024-05-15 19:44:02
Pinging flipkart.com
url: https://www.flipkart.com/
latency: 0.039542436599731445
status_code: 200
error: None
timestamp: 2024-05-15 19:44:03
Pinging bbdu.ac.in
url: https://bbdu.ac.in
latency: 0.07816505432128906
status_code: 200
error: None
timestamp: 2024-05-15 19:44:05
Pinging shopify.in
Pinging bbdu.ac.in
url: https://bbdu.ac.in/
latency: 0.1472032070159912
status_code: 200
error: None
timestamp: 2024-06-12 18:42:30
Pinging bbdu.ac.in
url: https://bbdu.ac.in/
latency: 0.20364665985107422
status_code: 200
error: None
timestamp: 2024-06-12 18:43:18
Pinging bbdu.ac.in
url: https://bbdu.ac.in/
latency: 0.16060566902160645
status_code: 200
error: None
timestamp: 2024-06-12 18:44:08
